

*******************************************************************************
Sun Nov  7 09:01:56 2021


FIT:    data read from 'peaksFit_1.2.txt' using 1:2
        format = x:z
        x range restricted to [0.00000 : 200.000]
        #datapoints = 41
        residuals are weighted equally (unit weight)

function used for fitting: f(x)
	f(x) = a*exp(lambda*x)
fitted parameters initialized with current variable values

iter      chisq       delta/lim  lambda   a             lambda       
   0 4.1482948413e+02   0.00e+00  2.61e-03    2.000000e-03   4.000000e-03
  58 1.3609049018e+02  -3.95e-01  2.61e-10    1.499144e+00   4.619162e-03

After 58 iterations the fit converged.
final sum of squares of residuals : 136.09
rel. change during last iteration : -3.95407e-06

degrees of freedom    (FIT_NDF)                        : 39
rms of residuals      (FIT_STDFIT) = sqrt(WSSR/ndf)    : 1.86802
variance of residuals (reduced chisquare) = WSSR/ndf   : 3.4895

Final set of parameters            Asymptotic Standard Error
=======================            ==========================
a               = 1.49914          +/- 0.4561       (30.42%)
lambda          = 0.00461916       +/- 0.002104     (45.55%)

correlation matrix of the fit parameters:
                a      lambda 
a               1.000 
lambda         -0.930  1.000 


*******************************************************************************
Sun Nov  7 09:01:56 2021


FIT:    data read from 'peaksFit_0.5.txt' using 1:2
        format = x:z
        x range restricted to [0.00000 : 50.0000]
        #datapoints = 14
        residuals are weighted equally (unit weight)

function used for fitting: f(x)
	f(x) = a*exp(lambda*x)
fitted parameters initialized with current variable values

iter      chisq       delta/lim  lambda   a             lambda       
   0 3.9339407905e+01   0.00e+00  1.20e+00    1.499144e+00   4.619162e-03
  10 3.4139453799e-10  -2.60e-01  1.20e-10    1.003208e-03  -2.491754e-01

After 10 iterations the fit converged.
final sum of squares of residuals : 3.41395e-10
rel. change during last iteration : -2.59993e-06

degrees of freedom    (FIT_NDF)                        : 12
rms of residuals      (FIT_STDFIT) = sqrt(WSSR/ndf)    : 5.33381e-06
variance of residuals (reduced chisquare) = WSSR/ndf   : 2.84495e-11

Final set of parameters            Asymptotic Standard Error
=======================            ==========================
a               = 0.00100321       +/- 5.239e-06    (0.5222%)
lambda          = -0.249175        +/- 0.00273      (1.096%)

correlation matrix of the fit parameters:
                a      lambda 
a               1.000 
lambda         -0.398  1.000 
